<?xml version="1.0" encoding="UTF-8"?>
<Site BuildName="(empty)"
	BuildStamp="20240516-1331-Experimental"
	Name="karoline-raiane"
	Generator="ctest-3.22.1"
	CompilerName="/usr/bin/g++"
	CompilerVersion="11.4.0"
	OSName="Linux"
	Hostname="karoline-raiane"
	OSRelease="6.5.0-35-generic"
	OSVersion="#35~22.04.1-Ubuntu SMP PREEMPT_DYNAMIC Tue May  7 09:00:52 UTC 2"
	OSPlatform="x86_64"
	Is64Bits="1"
	VendorString="GenuineIntel"
	VendorID="Intel Corporation"
	FamilyID="6"
	ModelID="126"
	ProcessorCacheSize="4096"
	NumberOfLogicalCPU="4"
	NumberOfPhysicalCPU="2"
	TotalVirtualMemory="4263"
	TotalPhysicalMemory="3650"
	LogicalProcessorsPerPhysical="2"
	ProcessorClockFrequency="3257.24"
	>
	<Testing>
		<StartDateTime>May 16 13:26 -03</StartDateTime>
		<StartTestTime>1715876812</StartTestTime>
		<TestList/>
		<EndDateTime>May 16 13:26 -03</EndDateTime>
		<EndTestTime>1715876812</EndTestTime>
		<ElapsedMinutes>0</ElapsedMinutes>
	</Testing>
</Site>
