<?xml version="1.0" encoding="UTF-8"?>
<Site BuildName="(empty)"
	BuildStamp="20240513-0108-Experimental"
	Name="karoline-raiane"
	Generator="ctest-3.22.1"
	CompilerName="/usr/bin/g++"
	CompilerVersion="11.4.0"
	OSName="Linux"
	Hostname="karoline-raiane"
	OSRelease="6.5.0-28-generic"
	OSVersion="#29~22.04.1-Ubuntu SMP PREEMPT_DYNAMIC Thu Apr  4 14:39:20 UTC 2"
	OSPlatform="x86_64"
	Is64Bits="1"
	VendorString="GenuineIntel"
	VendorID="Intel Corporation"
	FamilyID="6"
	ModelID="126"
	ProcessorCacheSize="4096"
	NumberOfLogicalCPU="4"
	NumberOfPhysicalCPU="2"
	TotalVirtualMemory="4263"
	TotalPhysicalMemory="3650"
	LogicalProcessorsPerPhysical="2"
	ProcessorClockFrequency="1400.01"
	>
	<Testing>
		<StartDateTime>May 13 16:37 -03</StartDateTime>
		<StartTestTime>1715629062</StartTestTime>
		<TestList/>
		<EndDateTime>May 13 16:37 -03</EndDateTime>
		<EndTestTime>1715629062</EndTestTime>
		<ElapsedMinutes>0</ElapsedMinutes>
	</Testing>
</Site>
